cracked subnote	$3$$7d823181efd66239e910d43a410d5ddb
cracked Woxall	$1$.uhTm7RG$Jnn0GyPo6v2Hs9UZgrwzC1
cracked openworks	$1$FSIVGyXW$Wr/vLG077AEFfkZxfB05l.
cracked eluding	$1$ggVpuBJS$GYw5cgco0Cf88/rMF0.P1/
cracked announcement	$1$8sjfub0T$CnnxuqmPieJ4CM92kzPo9.
cracked fenderless	$gy$j5T$LGQxVR4NLuqW6BNeNPwLAtUOWBsDJ2cXbp5qJo3lzxC8Mt6SXXOX1Rxy.iMgtK0E$AiOJqC7TRzYPgHb1SLHf7E5YFLUqDqw7Gf1v5g31et.
cracked insularism	$5$rounds=1406$jNUArLiPgUtBgHBc$DIOzu34bGsVbKZ3m59Kzl6mrHnb1Is3FfYMHAmrGog7
cracked beheaded	$3$$9fbbe1346b478070f13faa868c3734f5
cracked quadricycler	$gy$j5T$Fz7/mfe6bNisYgY7GyUBZ2UDPtWfYRbgx7avE2I9UY5WYKZH.rJt0abVMXYy6pia$PPshMYL6rjPVWid1m1rUZmHCJmcvpMhrqAzpUph4dbD
cracked trichinosis	$1$l3a57xs4$MZe4iuMuYjtFwBuJnT85D1
cracked nonfrosting	$3$$eb93315c07bb581aecd1493b5d6363d7
cracked trimotors	$1$v7SpLq/Z$sm17OxfhptL3VGcCCKWqn1
cracked apprenticement	$5$rounds=1358$TlWF.gbok.YGM8iE$.PbIC2rvplCN3h6an0uQ72GMs5tRhCFGcpqPqOQ2GrA
cracked choristoblastoma	$6$rounds=1185$dpWhp3sKJrV48Y8y$Nyr9aiT/OFm0h9RjktprlkBqhpQNlkQNM43j01ERBpxEu7cs0Sxl5FJ38NdBu8TBe3L33KMg15D2HmSBJKbJr0
cracked athenee	$y$j5T$NwnFEKkY.RVi8PZl8kWUQjxWkxLCq.ysVcGhZlwnoeVsZcUPMLCloa3Bq5RSCVdd$/3XoOoKwLtuvx3KigAXmq4RYXl9xwbTRgHWI1Cp0a49
cracked binodous	$6$rounds=1153$.gQeW2UxBwR01YnA$BYJa2PJIN0tCIzhjM1FcDH9NUb8mHyhjjoKcRzLb8H29dyPcEEMYP60m6Yv0sYy6pfVoNVJf.ruSCKLFs5hpe0
cracked macula	$1$AvWWzbV1$RAAvogKNzgaB5OifjA/nO.
cracked ordinaire	$y$j5T$KWJFkWr1K/vFn4aiXdr33BhU.s6oiuPa3Tsu7lfMhd2fhvuutUDTHXUi80DE3mgo$jMyRmzgfzNPghIqM640ddIm7zH57kaIsGFakFCC.Ny4
cracked jughead	$5$rounds=1196$Q.HXY5KXdwUED9RR$NAGvrIMiZmPNRRKW1lysp/2iD0yvWUJU5kmUSzk/aIB
*** failed to crack $1$oQ2/Rsyc$QQJvp.3OT9lDbAek2J4Hn1
*** failed to crack $5$rounds=1259$FCZdBgdmTVW7zs2o$8VL2IAZzIgeQrCZbY9/VSSfhld7FNeTdv1kfX/PMmM/
cracked unvicariously	$6$rounds=1460$weAVAWtKTh0hIAlY$SSYyHanDDhXupI991oHgGpmJKtxeLL2i0vPCEG6vVzjZkPt6Pwhi36dyo.g9YSESWNKkKBUAunK6PwRJK3BtG1
cracked quakerbird	$6$rounds=1144$JfTEPt2k3JyxC.p5$se9oJ0w8xGjtTMlgLG.sUfNPArOC6lh9sshJ/YVVJDL8AtCFQ3YLnf5uaUIylnlcMwcpSfO4cRN8u1jtqXR0J/
cracked paperbound	$2b$09$iafK6qr.qhSf6W2h4c/Hhu1EByxEwX5mIDZRBD76Vj3EpJ56miN8K
cracked binomy	$6$rounds=1234$.Vh5nVkV9Hp.1/NU$DgbmAoXwNSQ3HUoLwTP0Eb0uZE7VmYz8g.Lh9na1TGUd7q/FpfLCe3u59fTkUqM7FN8sB3d6mt6orJH9C4Stn1
cracked disinteresting	$1$trxdgHm0$qRju7q2Yv6iCF4nk4niNm.
cracked Noctor	$1$yDZdqDVq$QkPwZT4pCb8wOhZ66nC4s/
cracked hemitropism	$2b$06$OTsRcIRZmkj4ewG.ovslQOULvFFL69YZai4v2WwNJhrfF.9tULKR.
cracked graduations	$3$$33ca5c06afa799bb8553b67ef59ba2c0
*** failed to crack $5$rounds=1498$ESnwuyhcCq0ZD0HL$1e0N9ueK6kDlxWxzu0SHny/CvzHIL1lCS8iQVWmeyZ1
cracked misgracious	$3$$d599d7a4151a4fe854591615484849ac
cracked masculist	$y$j5T$5oD0c07MlKmlimZ0NEARDVO5.EZRq10uDq9rlaSoTUElwbJEX.02sXLLlpBB/z9Y$5WRzDHURHxkgwxxHL/6BBAbb48b1AJbs4hDTKIJLri4
*** failed to crack $6$rounds=1000$qSY09glOTPD0mFoQ$9CcTYawEmD9j3YYbW/ZNTPzxDWKYqQnX6yTnUsUSD9REftGgbq3aZlNoL9YsjLJpUWY8/Hx61NXE.nbYhPP8d0
cracked micrometallurgy	$3$$78a0b5f62f7ff12212d31b448575f94c
cracked departure	$3$$f0f301347a6821096c598fdd84469b4a
cracked noble-natured	$6$rounds=1418$HB/NSUumqdzv5/rI$6/XNWJ9LzSHoGKXmOs1zrciksS66bC515yqa8DrSaFpZ.PMFDjARB.5f3Y/lbEMduSgojGk3/HmPkyWxGt5/d0
cracked nondecorousness	$1$EAvai72B$rF7.eF7NZhgrbM8HXARlU1
cracked escarbuncle	$6$rounds=1238$Mi5MPptAUMNZt8g.$CTY9hNGRuWIerTFcXx80loTmL2EcqmUt.56gzkpSo/5y9HoafuxYzHmz6kH6ceyAq64vcmcwlEeTPB82382V.1
cracked fertilely	$gy$j6T$rONgr.FOLkoAXIEZZmexuR09cDz0.GdJ14DsqrKRkKyafBWlC0q44O6JIigGCRs.$h3Pqy5lla4r8dU10GRwRBQ4aZH8cGHxQUOw8H/l4GuA
cracked microlambert	$6$rounds=1244$HaN47Ww0ug/M8BA9$iJxBoIAZjOywbGFYNR11OzyYxMbqsOwkx.wqmqrd.mAuBMbtK6CqFiOXQTmWLD/OmwroYhNROJaqrofgAlgZt0
cracked Pistoia	$1$8xmsWRjl$XWpaEzN.GErChtJ1AR6hW1
cracked imperformable	$5$rounds=1184$aWKNw1ksS06nKrDg$dLpLI6DRSXGdZ3s1BYeyfw9gUtnc97GbUZucp9SMih4
cracked unmelodiousness	$y$j6T$Y1uxq.DTg4rGAnPXnA42bIRWGimC46ljNT8S7lE1wTGGtkJmRS/nwMgaYglIKkHG$sIULzTMbjzZpAM5h0XHfK6NvpbJ5qbqBqQTNhDHzeZ1
cracked fuzztail	$5$rounds=1394$9SIJWDliMhHAfNLC$g63GLJaykxGvzSh75S1DRmB9VnO4pXEZK37CJoExWH4
cracked frenzelite	$3$$1b779901a8ef2c12cb0647fa7440c78b
cracked veep	$2b$07$dSMYfrEjqMLMQySRBqytc.1.NL.ICTDR8cOCllAXkRKUN4EM17obS
cracked stereocomparagraph	$gy$j7T$W5XmS.9t.XZ/E0PikTi6nFSV/4l/lNv5ZZFptnauNI3LnXsPkGo5nn/E2LW.u3hv$BRYPYtF6QGoWzs2kXsbMBn2N0gDrxNcaaEsU23B/0O.
cracked commation	$gy$j6T$6yqTSRTikpMcyvW5iwCOgskStwDmtFX2Mbnk4gzxyxqMkBZ6BIbu4aP4.58XqHJv$52ZvkXONLbwrHSEhrnfRRncSfjMyB3NpRBgmxpjjLR9
cracked Omer	$2b$06$V.LcVuptAVViCiY4BHQ19uVdb5PiperyJiCJYyA1LGmas4t7Y0X96
cracked rotatoplane	$1$TtiYZB56$vC7puzdT9j4nId3lFgVGn.
cracked signorina	$y$j5T$8ahomXUWN6JiIHYxr7OA/4MXBF5.YzPoGVu7fs5n4EuK8DTw2mVyBG7FQg5dDTYO$zG4bB7q5uPkoSZfqOkd2409eTMYxCCow/RsQxiTGlG0
cracked outgush	$5$rounds=1403$LQNJyeTAdunFbdM3$x0KGrKaYVO88CEkVQbyqPw4pflzOG2rG3TxofXpEE14
cracked anticreational	$1$QDUeOosd$NzSWO16QguVLni5qKRhoS.
cracked boomingly	$1$79Xx/hiQ$FqHAH/h10t0JeqLzE1Um21
cracked dimissaries	$1$jcckfrOR$NYbxrXf1KSd7mRTCjZTSx/
cracked Secessiondom	$y$j7T$fLz1B2TToIvqdWJ9rUE/XVrW2qGJ8.F/H3HS1srVX/evQokrdWhLK/ecT/fVPHzR$mrxvm/SyOZZ8oyjI9FsyZwCdPwzPZJp7xtjUOaI7k5/
cracked saccharochemotropic	$y$j5T$nNDcwc6apktDIfFhI.0pIP1NgikNvnuuu9CFtzpUe7RDqc2dPUZ0EkvjWnWGO.YL$ohmJh9hl6.RQ.80J9.NaTPUxv2eGtYq2NmwfpOww///
cracked trade-bound	$3$$7e63cd85a1e4835d9d0ff1d7052533dc
cracked chuser	$gy$j6T$r8EwgpA/0bJqyD2UPZ07B0ilNajtm/EHtYLnvhrW9WwznYg7I95M2/U7O30E9lhQ$lzslWG4zxCE1BpzUtt5LCn8FO.G2Mc01PCF2kWOw5aC
cracked true-souled	$3$$1065e9df97d722df05aa235ea3642461
*** failed to crack 9.V2ekbnE9j4I
cracked deformity	$2b$08$qKPhU93khXAz2eaTGlcwROdQQzOZVjkswxQyoSx4YyBeVTSZx1j42
cracked poncelet	T/xaVaR2q6BGA
cracked deckpipe	$y$j7T$hda4YH.bCGzihfQcBY3SCLaPFbzR7o8t/bByO82PqtYtNtLHHdXgZNx8.ihPh16g$b3cF4QnIQtidkHlWtNFeApVBz1iAH4H262F1rijffz0
cracked electrodiagnoses	$2b$06$dsgCEZ.KO5IPTqhEZFHdVuP.eyNHX6Fk7ilTA5eK5B6zxlAFxlJH6
cracked unextinguishableness	$gy$j7T$btpIpQrJjvxrm76kqEpyDL.q/Cv267zM9OGZx9GnQkgLIyhqKZ3SiKBfgb/2WLiq$9iLRVhI3B/EmZkT1bE813FqKALBx5/G7POHBvHA55k6
cracked fairship	$1$lCrBk2IB$XEKks3IxBtD3CVpxQ2ZV51
cracked phosphatized	$2b$06$VDdxa4Co3gRjJsQIrcBKrO1i50l3zXejmytBt318aMEx6YJ9.gNKS
*** failed to crack $6$rounds=1272$MBKXQ71G4HjxGQ.K$30cteSmjTc6wkdAaRWhq4l0yy308KViULWOIB.0tyT4/vBPpuFC05PTUKqzkau6WLYxO5lf3v2KQUigmkBEia1
cracked mopboard	$5$rounds=1378$riqvHA9uPBQGRkNG$.QoBfVR4KSlHqb6U6LoMYttKMJNGXE35aJqQ2jZcUZ6
cracked specifiers	$6$rounds=1491$hdUsW.oYIHiIHQFf$MyUKwSsieAqlWB/q8bsTO82D0buTCfHJouVB8eFC9LQWDXxqRaX2cJ3cjDbuAeF8DXxDXapskkWo9ymck.yuR1
cracked penholder	$y$j5T$hrpbvGMGDzFWymbK5OdusWylZUOFrPEfQxMGQrYEmkbca.E/rROlebwUaz5DWN/k$uWafM9P0jmwM0CID61BrYafi1BlVshdz9EXehjhxot0
*** failed to crack $5$rounds=1413$5Cz7kTHYbQtn065E$Ycbd8iEyCjOh2qxzhdnQV3dhY8i6g2ayLxpcZTEor5D
cracked buddy-boy	$6$rounds=1000$3YGQggEpmoxTQAn9$9oOsDfvfdwF40DCm7/gN1Vlhcw9W5qgbFLxTTizK9OFgKKcf1Qcm6Ep2ZN1mVWF8XtZud7xoJh1jW5c080diO1
cracked jeopardizing	$2b$08$VWJtK1zWiLhozQGJjJAUju5rrYzBVelu.UKhO13kGtvqXow7D2AAW
cracked clipsome	$gy$j5T$JkYUBBcp5xY0zxGp8KK6CFdadDDFBsSke0SWNCz.oTDLX0fBqt3HcDKkq/92cLOH$qOPkttPEpnDb1Z4ZP4ldu9tM1jJNhwKvR1GYcDtLksC
cracked Slotnick	$5$rounds=1462$RYUqwFiYClRhvTiY$P0pKl9kc2PL66lVeGhVCOIcxnnTRggcpdKmdHWqjrP5
cracked proemployment	$y$j7T$KuetV4qBuAVAEAPp5xWlZ/aIbNgFcFf5gd5hms51o/E09kM0lnxsSwKrB4rjEGwF$AUAug4LkKUu1tCyUAT4uzPSP92ApI01aETFQUoHjG5D
cracked citr-	$y$j5T$OQO2Cs7ERaU5GDlsyYTeZWwyiZcSBg3xpKIpAdHg7rGyT7MMzXRaoQXeWPoiY9l4$cE36a8bnbg4KzMqpANAiGoULZ7zWTwfwqJ3u.YKhUi7
cracked phylar	$y$j5T$QXERqytpMRaqX4QPL78E9a38pgPGENE5T5xmxZ.6Hqwdl1ZjPtUu0lwzGuL5SD4k$HWujPI22AvMc9dMvMu987OZOByi6OKgegHVdUksdBq9
cracked unforsworn	$1$/81F2yOT$GajBqrrVGhr9VDryv6uKe1
cracked wry-armed	$3$$a4ae545c499daaf44d8276a070ba2a3f
cracked bouillons	$6$rounds=1256$uablATS4BAjFczrJ$r4bL6AqrHPcSi9OmxU3PZ90wENU6CE6jMPL1prQ4FUbpTwGHeQKELYYwy9xjtxmc7vU0HSgEieQ1ybZYLt35y1
cracked breechloading	$6$rounds=1116$VT1NV.A9mniy0NDh$BCLKfD5zom.DHdmZb8epEzmiavNQJQr5idhWzBEk448Eo/d1pFCojocl48QEwtUU5ZT5ZBXGrCfP3nUYGjURU0
cracked pseudosyphilitic	$y$j7T$h4TI6AsJ8CB9aDnYmQAtETMtuLozkyPycklFfRoWltpsBU4LZ1c5NJ4FjJ87mllF$ImA66AjexpK7nQT8M.Aypnf7Y8PRciXss.Ufg5rW3T2
cracked Heteromita	$5$rounds=1347$3UROvaSq7ompsRbg$tBAicIQqdPggET41pZW4AVaDhJr1ttckhdyPudcZRl.
cracked lecithinase	$5$rounds=1404$y1BuUavC.pWBaJaY$z0y72sOCmaRzY40DWdmCfD2BQnxfjrc4vV6CQioBohB
cracked cladodes	$y$j6T$cdm12jTM26LDSKOtspj4cEUTm3gtlJ8f01PL0Qmz3t5ui1tuDT6UVvellNSXRJlb$0Uz9rcO1CqBcixk7xTz/rXXf3ShJkTy6ktVsC2HO/Y9
cracked chilloes	$2b$06$C/Bp1kQwsW9KKKO76PoMqORsi5zsq9nrK2IyRpSvtd8cy0yWqFZZG
cracked conchoidal	$gy$j5T$Yi6sfdCWij3y2kqsl0G7AxhlEgcAs8DJaeOgAxQpkdx4kqcU0IrwyDZnqltYu.kK$td5ETW0SmyH5LLCttw5ubAEhWKnSFs/EPRj5vIyg5HA
cracked Bombacaceae	$2b$06$K27KmkrJeC/iuOPjqp0DLupUJDeDAeHDFeLwdCPNzEpOYFD1D7S7C
cracked exagitate	$gy$j5T$.bv2cFKeIzagQx6kbtAtrqIXMmvnx22hNEqbQV44OFuxdHzkyFxuMQ2GYU8yMMv4$0MDKJg4jrOjezVgKXAyZB1uVovrq/Xy8v2ACopAUlo6
cracked parostotic	$6$rounds=1022$sBo0wmTLpPcxRQZC$OId/UrFNz4gxRuMNSpeNl9wVpX.1757je8kn4sR5UoPGLeA5OlCAkgcg1mLHw3mOqElgSKfimnRqxU7H7N/1p.
cracked limitaries	$6$rounds=1298$lXf5MhiUuUJYUHst$07JnBrK5zyoP2dKF1gQg86AqJ/mjbkZZFFU77lMSaEZyENu9vs0uZeQxwIQj7w1.BVHieLVVEjXNf7ZDNRYB70
cracked large-grown	$y$j7T$zs.CC/ByTwKcgIAQ9KkSu1c2qRcpl90xjMAomklvNCC2t7ELdGnd45cMvsUzY4gK$FNcSKrIR5ccNhLyTVudWXR7a.vbnsNxc1IoU9l3y4n5
cracked Casamarca	$y$j5T$Ixxk3xksScEGTHchuoC5UcW.aVeJhob1c2ASWYSMzqPzn60hUglVUmOix7LUpRIz$hWOsxJ/a9X2oCtfk4EV8WZys1DERQN0hGGszc1b2VG3
cracked trapnested	$gy$j5T$gxANb/chHegbkGeGjMd1glk36KWSFVXjPtgy5MZDnXD432IktTOy2rXXOD0prvR.$f33hNnzDzXAx2v1V5EpndiztcyIqEINpToNy3MXNCcD
cracked Wilbur	$1$iDi5niiU$KQfbQ9U4lLwCGPngt/vr//
cracked meu	$gy$j5T$SiBsGwMQEePof31CabZWo3jChd9xz4D3wQAGU7446ZMH/yTLV4lVUgC.AS9yhzVb$wJ4XhTyt7k4beLPStWWegm2A.ebbFnAO0CbrmR1tj96
cracked ECU	$3$$ec7923ec87fa97113b3678097a57be45
cracked migration	$3$$a0484ea4c6b8ae05dda0b7e3f70d8373
cracked Hawaiian	$gy$j5T$xD15XlEONBGp3ZQ/1fg6erQGeRojk8bXtj7x32XJEiSl0Sx0C6AzN5QScID.YK/G$PJ41dm7KkVt2mOO5Hjz0Ji8ml4vrOI4UFaZQVwbgIi.
cracked benzoins	$3$$9a2f16197985374ec7c9c7ec840b489d
cracked becking	$2b$09$ZkEWqaRoDILQLWODayP/yeAXtseuikfTbeSzuAka81QHeygGmNJne
cracked tentorial	$y$j6T$HPcQck6MRksO91h/N4RkEQWvnkidmfTVq9/sNksLH/eenTqwPOLTyl0Vs8mZEVMQ$b7UfT88rhi7sy1XbtLTjkaJurC8Duy91H0l.nOkQ7z/
cracked disbelief	$3$$812369dcac76ad4189be4b88bcd688c3
cracked oostegitic	$6$rounds=1215$Irca0kzZSXjZl9VG$KzrYfqb6YerTf643Bo29DuB00rC4t1u7aUvH11qIG3VcEtm6ATRrgxa51BfpbiAiI.fxVfkyBzyf9gRca44Xn1
cracked Phasianella	$y$j7T$qpxbDPBEq.0tppj5In5un/ruFK7Hmy3w74kiFg2pilVb2ak/XQ0WziNp/UCLXU/w$CQxJHjckOCHBcWZUDGPeUVYwUVRunjZwk9DrpJM5Fq8
*** failed to crack $6$rounds=1028$Rq1SMYagtma.pFyL$egU0TDYluY4d0x2hm4iBeIC4nVA11G317pjfzdkZgLmaFM2/CmkJxUUOei7ShGlMqu4iaaQVlQ1yk8mBdJYWi/
cracked ashrafi	$5$rounds=1287$NGa3spSdChtcclQl$WXXw42bvW.LupjZZI/Vc7Bz.KKwQX7GNxpfvlhreS49
cracked tfr	$6$rounds=1326$DK/DlqJFMeibyQya$wnDzXpsu1XNSI.PJBV.NCK7O8BjArIqOMoWBpRe6mcwPOUYOECaZHvcLyBqmiCCqdllnRMHljT4oSTwCkzL5z1
*** failed to crack $gy$j7T$PSNccKhW.W07BkvTykEc15Tv3NXDY8rCfpisJ4r0xMgFfXilWVEb.gDl9emUKXey$bSEBHJyYIwsaIQmtWSvhIEi.pYGPyPAoOpjtiNRUMfA
cracked demonish	$2b$06$NDCC7tcsSnUnd1tm02w5AebvAIH1U5KmTf7jNCRhIzCLTsSke2XO.
cracked meroplanktonic	$3$$18c4597c7d9b2f12f3ec1ce53ea042f5
cracked fruitarianism	$y$j7T$MC6JkOOyqnOCg/TLOH2IsiNFYaxO.pPXP7CYvlItiqYlGIDifPInIIaEsDpDAinY$O1jMlX09JPbgNyig/KVwmNQ8/KjDL.OxYUMcqQXejjA
cracked well-reasoned	$3$$b9e36cb04a40f71894cf79ba301ce9bb
cracked skidproof	$6$rounds=1403$pJVA/QCe39zygCZP$BsnHkFgnI3omMMrenGz1u/jNjx9qBc1G6yf/6kd1OMsWu9i51HChd6En9VrCrbp6610cuxje6ubmHdWPWV5mi1
cracked soft-footedly	$1$RqrnGrzL$mnJjAo37W17fwpSFE2avI1
cracked preeminence	$6$rounds=1171$qfVRjG/1m4i5UxBF$2MdCTaDaCQTsJUlPiQmPjkmgswcTeJ7TFD/jR0RR6kGJi/UryRRaI6aZI3t/Ms2tSl.XPUDhJKcyd9AHK26gH1
cracked vindicative	$5$rounds=1398$kizTW7Q4y1ZCVdCR$itd1c6gfQPW1uYwAyZRYt98XmQlJ58Ru9I6O04iKqR4
cracked work-study	$6$rounds=1057$/O/iZyUZO1wE2gKb$fnB177IfuT151W5RdZXNFe7AV1cPdu.jA/bSWgIZ63PdcLht1kQCQhiRHeeCIwq.JAaxidQJ7j1E9.GJOJXw20
cracked trussing	$y$j6T$xmfHD3MVLwou16SSYkJgb2s7QNwfb4pleML.dhjNc978FNo11CTH8yC32Y.UkuAn$INnWLNsa1r83UPUjq3nMeK1twRCK8dytn5S17ydyCd.
cracked megalosauroid	$5$rounds=1373$vLYUgQdJQ6jYRIeA$bNmZBlgtMTwqsEe7GO9bCAjEUH2kjNyUOkRR2nUjDoB
cracked unclothing	$2b$06$g6ITSUvoDbNgntgrGFE/5.wHFrHos9XqU0fGNAPAzeREhPevWAHr2
cracked commensurating	$6$rounds=1487$JHqaV6zz99Q0yazk$kyZYfsLSafi58JYYiZd3ACMTyZjl.q6FBIrfo1glop7Vu4TrSl8Imtu2FMQ3SPawwJY6Gz0nLDKktFbB6W7tw/
cracked recordable	$5$rounds=1470$4AlLDxiQmNmGpi17$TUgQ/XqqHnp3XaiA90m6sX.9tbfuFwoXNntH12f.eT8
*** failed to crack $1$K.zf9KAm$POCQSRp9/zA3mn13sMW8I1
*** failed to crack $gy$j5T$Bl1PWLSYReWWsfboqAe6UyIof0qVWlSXcMna76ya6XtVXQ6oDaueXnd/wSFzubb.$1KIk8olCOGNV9IzeRH9R2A3pPnLO.3Ml8/O2YNLl6/9
cracked inspectability	$6$rounds=1041$htYZGczyYncmVMBl$5CnHIkl/zY56tZpMYEH4iFErkKGhziIcMMtnXv6qp8FkTQLbsNI8QFM1pQSOqV9TFtgG252q46lLLgeAgRYE91
cracked conga	rwqzmhyMp5ne.
cracked illogicalities	$5$rounds=1320$4s4zKDrIViaQ6.eu$Zrh/hl8PBEvHBCCm2vGjoStd5vWsXlISnigwXlByhb.
cracked sultanaship	$1$pcwOLQ/N$6PLfhuvqcUMrlhvh9CqQj0
cracked fin-shaped	$5$rounds=1313$Sv6JzrzREJxPi36q$YsSraXq99PpWqya6dDn81E7CDqG9HZwM1GEcCuEWvFA
cracked avianizes	$y$j7T$0rGM3Njj5xy8eqNC.QxHP6UtROe.sbCLvms5AE4h7TaZhLAOj9AllhGZzk3Afr6r$7JwhRz8HozuZW/GNC9cNolh7iEri1bj1Q0hG498QTI8
cracked ambrosiaceous	$5$rounds=1456$uYmGflHBi8A2yo1x$2D8JRwi.W4YgxiWQoAXzpbL2.7IgRDe2oTHlPdvej29
cracked nondigestion	$3$$e10e8387b695916b7453535a5a819529
cracked cannonballing	$6$rounds=1411$iJib4Z7pefUYjzTp$i2Vj1Ry7m6ohnDOeFS7LTgkRQnTkLW.2dfZxpHuK2dxvXiJ1g3R5oGAXxmlyTciVsyFp8KPtIvbA17b3Z1mPr.
cracked urde	$6$rounds=1269$/jP1pFF4DN7CK3.E$nWe3lsDzkkHYEfCb36UN3N387OARn.C9nMdLY5QsXsejdsOXdQ6HoC2SSzevKa0fwSA7k7abGVNbrYOvc3G./1
cracked cordlessly	$6$rounds=1454$jy63ulinW7FZ0VSH$CQ8cDa7QAOkWEhS9xQ8CzyLcComn.RxjGJh4QFb8BheLpDArWdp0NZOdYa63NgzBVEBn/.pHn.JkNCvQecQYw/
cracked leaps	$6$rounds=1211$IB3L/cwm.64weeaA$Wq.4UcVWk5Hh2vCjp3eyH.5MPmZRPwg7yep2264KmNr/GhZUTei.AOGJVNAIsm7hcx23Hy6LRwff3jEMIbb8B0
cracked sool	$y$j5T$galA4wmxBF/5xFVtfej5fotopYEdk98AE4WUlpPY3XU7i2w.2e/zFV7tyKlIhemW$/HNokQIIDW2Qq0FFk4HyiaHBXu6Y9qHH/5cw0gX1c1A
cracked bitripinnatifid	$5$rounds=1231$C5T.7AADduvabAHG$NzSnDptw1q9lKCvSHE.z8CMJhsiIO59DRLkc9hRa4t6
cracked sociolinguistic	$6$rounds=1064$21K0HRGLEjnRD3Xu$161ZK9fAmlvi5eSVKwrxnACNlN6D2bEvZwH5L59x.8UhY0Bne9zaJooQ6pcULUnCMuSPaSdhYQrq59siboNjo/
cracked thirty-mile	$y$j7T$L1G7uA5FbHWkFFcnMfj12tfH7mzwuTwuZB6NeF2.ouY9ABqswuZi4m9DJ0Bulybl$A2VJrcL5INnSI1WrqUgSYpVt8/1LCgZz4tnbCK4p765
cracked Deusdedit	$1$QgLI93fF$puRlileQRQOMEaZR/YtC3/
cracked phasmoid	$1$U9YLqiy0$5uX1heB6qGSTmWQvPqCl4.
cracked germano-	$2b$09$abXyy4ChZQyjY5IqmPEPFO73HVcBJsdIOCZ47YacSKJeSprrB7Txu
cracked scrimshaws	$gy$j6T$XfdD09SDQ3ycGmobrSsI5fDbRNqzILM/z7SVAYYjxd/z6/hz9RC26RMubLutSIoo$OSuFYuZ6xZBUtUqg0Pb1VWnjkASiryq78LUrwOBQQc5
cracked materialism	$5$rounds=1213$zT8BNIX0PzWgoVtB$IPWem5CyYk2VGnkZb62kIc0gqTLFOVWQfryhRFIuWxA
cracked spore	$gy$j5T$qovMIk3g4sLys44eBhECVy.uAKEZGCbgb7rz4xaMh7Tk01i7rU26/.0jV87BUwNp$VbAPx/GnIB7OLfIdsE1Twmdhcjapw3xC1Jy6WiCQXRD
cracked nimble-toothed	$3$$1245c77169b8daeb5f23cba68f8b2dfd
*** failed to crack $6$rounds=1307$QuhDgOtwh3K/O/eq$GB215QPAT8KVu3ykQZOzVWJAXUsHYqOGUE.rO5wMJ0oPC5cfk2m65G2U/pZcE4bCmbuf/86lUg3xhccP8YqVl1
cracked Chlo	$y$j6T$b79jO3xkLebQzaa4ZIOExPyYdydnXK0C8Op4cDx2nlY/Y.UE16cBYUvl8O/Kdnqt$Wcqc2cRwZZeDlLqAi5MugeetWjljz0GMw2QLbqyy1y1
cracked semihexagon	$1$GYufeGUJ$m3TUryx0JAk/tOhArkJ9M0
cracked gusts	$3$$7143d3a9ab752588e583d782589c4789
cracked peaced	$y$j7T$0hU1Cw60bKEUZTmkVaVqOlqAeY3lOIsbZOwlkbOAzW73us24aYDZ0DRVFZcEiddm$891nJnJdz0MTrx9kUSDbGtnHlRyNaYkWh4S2arJI564
cracked kyoodling	$1$I0meVsRk$0HqLqIQJGWiv1eGLtXb.y.
*** failed to crack $2b$06$u2187yn./TuFIDBMkx7R0uSsCn3bZkmVqC/yNDE0nbCoTh89IfzJa
cracked foliole	$gy$j5T$vvupJxczVksbnntt37s1WDGcLHtyyonW80.YFKQflJQOQEZcSDy6Q5qhim3gDRwo$lobhErn3np5NB9tH5XrejYaqVoVY23AJH3Hkyoyi2E2
cracked attagirl	XOAkHMzuwVNpU
cracked accurate	$2b$07$y8RVG33bUueBjI7V4AvusOcV05cfqE9sYZ4DOHq.91loTQLv18Ika
cracked Emmey	$1$lTpp6gXn$KX1/7Ye/ozk2DsmE/rvJY/
cracked absenteeship	$3$$bee0ffd3d210f80be9375840cca7575d
cracked Indo-Hittite	$1$Wvefozau$B7nNshq4V9Yk3r1MCJa.d1
*** failed to crack $5$rounds=1034$uWJ6mVImbLFIA4IF$5XnuFFADnduUhi83u.r4zZ.q3T5Yrmu.8A0bjvZQgfC
cracked Hookstown	$y$j5T$wPEDykdKMCqsllAEl/wfFLNZGV7J.Bvg42OLlFQgNlJpLmiT5ql0OQVe5sDWST5E$BVDDTlG8DvyWa6a4nT7hF0qfp8xs7mQsLiFX/Bht4k/
cracked ex-holder	$3$$e36201175589fb16ee0f496f43bbdff0
cracked hydrorhiza	$6$rounds=1087$BYz.l6mcZDIo7erK$GgQfArqgIq8MEip.W7tsqBYszF.A88QqkSXYd13Ajtmpqajyhkpbq8hyrgEJpQoCZbJx8aefSKioeOmROJGrx1
cracked zentner	1pdurHd2pawSw
cracked percolated	$y$j6T$/JHID5rp8ekEtLBcxtbDi9wgiWjhW3rNHfGTCuyFsk.n5GXqJcArp1Il97Lqd4Pn$RuKLorzd4gUu58mq6iBFPUaU3X55mArSu8kVEBEVJT/
cracked overslow	$6$rounds=1268$b3BuCqslQFn32EML$wDGoBjc8CjYIiHXgvRExg52i4i/qTVA7Wvp1Er8a8uTKJrgnrWPWDmkWGQkCSSyWIKXoc7mkh3FTEUwUfBZlU/
*** failed to crack $y$j6T$wPciH.p5J72G.21.LigiGEeBwrnVj2RmG1Z.NCPjwWPCthgg4xWPvnyXZEtdEE/3$xKwfYytyVq6gqinTYsUf/90/a1A63T3amRpEH9bJW01
cracked Hermleigh	$6$rounds=1148$R7ei/n/nI8d9NJx6$H6wzbYBtSvnISl35GnE7ItR942CEDdmtZRAESub9Rtkg9S/8uLGMUNnV5/ZIsRE8goiFk9dLdSKylaO4fD4D6.
*** failed to crack $y$j7T$k/jSwRKL/d/rBiqhjdG10tStuihC0Yf723yfwO3RXreSdtQnYYijnUqhutTp3qO7$3cy2s5M8LfPs6Iic8in5U7eKEJ9Iz2HWgoUecWHhBKA
cracked applicant	$6$rounds=1048$BFxsg8Q6YNXxsMwC$3T8ga381MXIZzsSBufMT0oh3ngywhEOjvEUZSGFPMw3Oytcr8D30QihOBaerkkYw4DzJlSFItLltbOtKk6N6Z1
cracked nonnitrogenized	$gy$j7T$g4kjfanZy7qlCZIMA4P3xdFvRy.8tT8uhn20k6SKdwXLobFXs/nbsGbsdFKMHh5m$njLvj9m9NDE3ji90UvH.NURtdmmVq0EA4/oXxQ2kh63
cracked technic	$1$lEjNODe5$0/wfHpqpFZNbuOak7yROL0
cracked SDRs	$1$3rv7d98n$LrPRMi74HgphCZ4ZkceRa1
cracked attractivity	$3$$8adc978b4d1e8f7698b7add57a597fc4
cracked underfurrow	$5$rounds=1139$gsyfup3kBi6HbSOB$510t51OXlEc/M3iUGob3OxmMlLW.GpL/M2O/IiE9KqB
*** failed to crack $3$$965981e6b860fd4c99a858a9c90b8be9
cracked unchariot	$gy$j5T$9binTT/fWYddG5.rSvlj644LpQhvW65tfWk3bi7keGrB9SGuqVhl8P5z5pbRI.cA$gagOrn6TxtaxRrHPiliKjxCfcKq4ZvbAfIfq4Vexpr3
*** failed to crack $2b$07$r/5GrVc0OtaewGy06aqeher9cNxATQRU.SzRLaiaLYYDAogfxIiqi
cracked Jayne	$2b$07$96deYSAL8a0wXyp/gSDcWufvQ8HqMflKS2WbAExbWqV9/YRd9yeNS
*** failed to crack $3$$284a000345b0fda904a41a8dd2fd3d90
cracked well-inscribed	$2b$06$n/LFY34Gj9td6s7X/0ZhRuv6FBpR1T26QLnbghREo7p6AB8oW0eCS
*** failed to crack $3$$59ddd1f1382a6160e2f54cfac72cfba3
cracked eight-ply	$1$4m9RMmsq$BQOLc1Dc0wRtWEW11MrIC0
cracked mechanization's	$3$$ed25bf7da135d811cd8843862173ae05
cracked palestras	$gy$j6T$nEXKoAgwaeNyO0ntOWXl.45vnGwiDIPZJWPtblgclvkVoNerrIJAyhKSSgSmCy0z$R1GXS227/vSIQhSDvo.TJ8/ybJcaY9oaohfV5OFKaM7
cracked 10-point	$5$rounds=1070$8TLg7nUNpQ56u9J$Ks3gZoXx0kohQG297ay9z0obilDrQFotCCeWo1.Wy02
*** failed to crack $y$j5T$DIuszEbaWmehM8EGL4kIF5ly0DLqsAR0FX.AyKqA3NRJwx1nwSWT9UcRJP5ulGmV$teWZXRs6Ut4KP0zXk3ySGueLqb3qeUiVcQm4IkUfQwD
cracked supersensitivity	$3$$fab077c3604d7814f73d31e4f1209e71
cracked Petrel	$2b$06$rNcNQGMYukBu/UKUTbFHWuBh8kXdHm0jVnQ/D5Vh0.rvE6OevbP.S
cracked strongyls	$2b$07$J52lL70uzh/qkkRBqRRbMONcc5OAlrXP26Gg3n8G835YXctn6AtgG
cracked Uruguay	TsyX0CJXWv5P2
cracked crooking	$gy$j7T$SimFUw0YhsT2ezQbD4yq.tnuMeaTZe9Z4kv4v2ypdSdkYb4guxXN2hZItdd/O5zB$q5MiluTJYmwUFB9/cgM6xmDxpHtULDIw.BNFEfK6Ml2
cracked spoonyism	$2b$08$BAFGrzLS/.hL7jvOhtAJPO1GcNowrLHbWyvWwB9yf08wxJ33BOCzy
cracked Labiduridae	$1$.j53FxXd$MPtLCtQdxPJVtAOck905y.
cracked apostatizes	$5$rounds=1323$CtZ3uCDa.Mb.xMkw$MtAg.ofsJOFaUdJbPjcjCLiwY6je4pJyb/qrMMotDZ3
cracked habitans	$2b$07$9.irsXtasoub6mjLRxRO/OGhk1F0lmWwCtgwbJBUAqDWa/KFJcGEi
cracked normalisation	$3$$cd4d98cc7fc8e42e56282258b3ea6040
cracked chelidonin	$y$j6T$Qdro5uL9rQery6ciE6p9XlSUWADaIfDcd9t0IVhfSJtEhHzIFw5Ya6bZPUHoCNK6$VGH6axUkqfL4pnOotIH/RGCYS06o3oKKDWHs3L6Re55
cracked chronicled	$6$rounds=1163$icfEciQzdgHuS4vd$.WZu/0cmabXilFx3tJgFWtYWOmDH0JAig04oH9H8HsCA.gUewY0GiFsVn5pyGjtFsgc9TLQFJND7CnhGQ04jg/
*** failed to crack $gy$j5T$5lymHQRVFysyXjZdKNvIN6uDFmrx3jSW.OYoVmvBpPFn5OLN6i8cDkTlekOl8U7P$vJk9aLPctvoChiMe/Xw22dHgPgtrjYUUma4b0tyXMsC
cracked QKtP	$6$rounds=1472$zrxtNKQv0EvdFvJG$h1uBp.xQR.txG9Pacl.fgYorhdoX1KNfJE58NPwTAE9kHqMOqlXRKcUaxNVyQAnufsheYF3uLpFdhQhvpM69l/
cracked lardy	$2b$06$w1qHYA1as4Mk4e4FRhBPmujKkgPYzkY3DN/Ot2b.Y.40iJvvJhKpa
cracked dispells	$y$j5T$C7YssN6DNJaBxg9jWl8WarWlqLcMscRlBthCp.K.FHE80zRNPh2.7rTqaOAKzoYv$kWh7E0oPa6d8WlF2W1ZBpxwzOMBaBFcBMokOcgkOqx7
cracked saltlessness	$6$rounds=1270$sL3U7fv.wv65KHhI$TaPua190K.9btqFtWQkJHlOGDXiBRZ5bgbC/jXVPSBT44zI.pCcYIAj3L93N3e8ScpDmCBQwufV4IGWEDazDe/
cracked Aphesius	$y$j5T$gzwI3c4w7GubwB1MHYgZsn1X6rC2r2GG0zvbPsOzOd6hA1m.EKE4pvxShRL/H.I9$lnIwux9B/Ueu1WLYPErPDgd0gr8Agx2ESkqAXFfiuS/
cracked costiform	$1$oU.YIecT$Bw2qP2wDGgHJtxx9Y/8T1/
cracked nondynamically	$1$1NuUWZ5B$f5VqJ8f85G54TDKUPeLq//
cracked play-producing	$2b$06$8YcuSREzT2jh56h1j6OPAOOm7UKrPAW0QexXn5S7DWrquTvUwZ7xq
cracked counter-roll	$gy$j5T$gLV95DJdU471nK3LYkdEk8449ULVoMoXd0W6fHjGgOAULMQYtrjvZQyVcYlx8FR7$LF0bQ7sS/XreYKrxd0Prlzv5JoHS/W.wmBdL9TFI2/1
cracked counter-company	$3$$1671997a7b2e7a701387b8a64be57e40
cracked amphitene	$y$j7T$a.r/hW6HrXZrmTzYgB6N6FiBTRne7OELUyqxu4ShoOI.Pk/JUSFa5LIgkbGrDDBR$fFW5omAZGFwwms7HfCtkJYHed6R7AW4owX9MphPfAL6
cracked lackwittedly	$1$M/FUzPLk$0ADljx3CmQSmf8clUNlPa.
cracked leptonecrosis	$5$rounds=1001$so4OUzb9WF.HXvH3$XE0LHIOndyTMohFbtjLsRQKIUWyMe42aUOa8H/L4Ch1
*** failed to crack $3$$3138eeb172faf706d4652f360594b6b4
cracked unrodded	jOJl.w5Oft3Ps
cracked laminar	$5$rounds=1138$hlUMCC47H2fWBkHu$E236dW6h7Ni3SUQRchFyclzWFv8.e9VdIbU6ZvtEoJ3
cracked abacas	$1$086L1Bxf$mPlF4C7h9nabV4UcvdAZi.
cracked potboy	$5$rounds=1144$A15o7y5ZI5USVfIG$x8wOXCsq7ikIwR0plMB5PBKeBgW1NpLa0OUVOIF.MKB
cracked bothering	$2b$06$dxv11RL.dy4a2vHGz1b13u1jVenhQbX40L24T3syBZpdVL9cLU4bi
cracked Ranchester	$y$j6T$8/hqowVeZS8QV.ZedVMYeYW.QMEBOdSS/51frtO03D8.tkJOKu/7CIwhYRgJ2C36$zMDsCgGu7vwd00Ax6Rr13LPAdF2eI96QefEIde1PbXA
cracked twice-conferred	$gy$j7T$0EnqrGgZ3NViKJ8OEWGJxswlvIKnpfDewGQm5liyMjqdr05Nw5DWFh9VeigU0mqh$ARgvicMvWSfHekFjki1SRRK6CixGZVT1U4mFumCII04
cracked unmuzzle	$5$rounds=1347$hZQztuJxg.g3dsle$9ELx85IvdFH984SoLww/2B30OnV3D8Vj6dCsB1vjsk8
cracked vowelizes	$6$rounds=1402$mglZeeEyvIUsrqtQ$IdSImRvHpkgsDiFsQPckeuV.Kjc1IJ2MG9ZlEycnztUbcftFMDotRVV1FlfrndQufUoiAJFrDKyDjH9t5rYOU1
cracked saved	$2b$06$NKxCqKmCiuaaMP4YDIRDsO3WsbRZsF0ZVqcO/XOtjy/5ifhvlKnqq
cracked coquettishness	$5$rounds=1086$DDGlMV7NSPpX1Nsp$KK1DSajh1pYPcHqoPEew80UzZYzIFi5sS21LYuyTnFA
cracked lustrous	$gy$j6T$674YA.NZ1dHJEEbe2FdmaY0NZeT8sN.V81QPd0xz99c4DB2pa165iTlOPepOfdgL$TEjBEmQBo.avBACI2K5UExiIsiwDDFOzr8PxZOKJUH6
cracked unportunate	$6$rounds=1167$hli6PkXDLTIpouWc$pxc2DE.2h8ajqti/ABJLLVN02WxtRiMNTdfGGiRrT6r0AkIb9ssfvmOz69XuvpuRlTe5rny8KuFUl6Uek23f10
cracked predeliberation	$2b$06$GEQJckv8l8EZSrFrpNpOn..XlOhQ6wYl9Wl13iXin9mwcYcaYTyLa
cracked Rhaeto-Romanic	$6$rounds=1091$I8Kv7blwhwlRjmO1$kGJDN67BG..zn69zV.3kU2CW1NzlGZRHsGPKXl4uTmhBxA6/K3qMDz4LJ24YJ3i6B3Jh.ePnZOw6KMkQg.Gix0
cracked sky-worn	$gy$j6T$Uznl0p6sk7mtO7BF56p0eFLukiTtU5vZxtOXxfuCjeUQ871jsby2No5rYSUSSUlL$TVEvi4BHILvgYfA3Sl8CMInzh.w8njqt7j4ISUyV.k/
*** failed to crack $1$h47M63LF$VLfmKQV3WBdYFy9l6xBVt/
cracked sheepless	$6$rounds=1284$jAHIoz3owfglo6P.$rstZmad8I5D83tQDi39RTCZlgEkbYK4crrdcCoV1Xvv8f7OHPmDUo/2MLDc5j/Suhc.hSy6fHTb37DGDZxyw31
cracked zoosporangium	$5$rounds=1370$gELQFHRyVAWkSGnh$3FS/7Dz42aWnM16zOoiuqmEiQBOXLEEajN4IZYTgbaC
cracked photoxylography	$1$Azuh7zZv$D17MvknlNFUq/9KtjwUe/1
cracked linolic	$5$rounds=1156$xun1nB2yk6Ucj8/f$qdxQAl6tZK833jhISIrTiVL/XrAi9rxivPTUN01DHzD
cracked intermediate	$6$rounds=1140$sTW/Z2y3QDIGGEo9$A31zkxcfdFst1nD24evZbSyfy8rKyl4/LuEQfhwFW0ynPJt.GvcsMDeWmtIf/9S3MfiSn7Eb4I8G/LztPemzF/
cracked admonish	$5$rounds=1221$fX12ud4v05QzV35A$qxjYLePiprpdrEx91giDq9qFslFLASN01YqeGVtDvo/
cracked Melanie	$1$T0zac9XM$yGo//MFQTZoX.mRZ4/MXC0
cracked toshnail	$3$$b60aef40241c696e1426de76e8c67f32
*** failed to crack $gy$j6T$yMl3ad8f1zAAUffiKHs5KN/YNxIxJAKTEJXIhBTnd5N0iZoqSyLt842LnjhXtkqI$ODwgOo7U9Ms7zAIgfAAe0R4FumZBAkN6pXlpnCbuyU4
cracked lino-typist	$5$rounds=1127$q731Y5cef1CGcqpv$PMQM8G.i7U0CeCjVjBe6Xy3NnHE1qXEpVDN9mOZzee3
cracked accus	$5$rounds=1331$tWCUyuyBSZrCOI6d$1Xy1p0K7WunpnKcNAXFdpvJHGtm23QX0PMw.af3gLmC
cracked tetractinelline	$6$rounds=1286$8W56sCkYxvo9RPgr$76erKxDDL4UEIhWW1I0WuXTGVdcM.072W35cVUo4m8.cmfd5LVWaNhY0Pm4hqQTLSOmWHKnqQb3IPPqbM2A0b1
cracked uncompassionated	$6$rounds=1458$Z0QBlaUtRZTsncYf$PtUqgnxzD0mwmuMpelrKAGs1luWvLzvDXE5wIjXYNXWkIbXkoA9zXxsh9SJ65v0iNdwrCc/bSV9EtgNSxmle71
cracked undrowned	$y$j6T$UEpQO3APvgkuZ7bcXsAQWQoyixvEm3nkmfCAEVuXCOBhS9hIbQlhKPvVYoZ7Kv5M$TP0x1ziWuyA.V.mX6A7XaH5gqTcyrO0Wa8.jcP//icC
*** failed to crack $5$rounds=1257$kZjqoGyTrZil7aU3$/ItTsunTV